<?xml version="1.0" encoding="UTF-8"?>
<!-- Generated by org.testng.reporters.JUnitReportReporter -->
<testsuite skipped="11" hostname="SVFL-XAADQAF-37" name="HFIC.Testcases.com.LampLogin" tests="13" failures="0" timestamp="15 Apr 2021 01:21:46 GMT" time="5.337" errors="2">
  <testcase name="Tear_Down" time="0.302" classname="HFIC.Testcases.com.LampLogin">
    <error type="java.lang.NullPointerException">
      <![CDATA[java.lang.NullPointerException
at HFIC.Pages.com.Baseclass.Tear_Down(Baseclass.java:67)
at sun.reflect.NativeMethodAccessorImpl.invoke0(Native Method)
at sun.reflect.NativeMethodAccessorImpl.invoke(Unknown Source)
at sun.reflect.DelegatingMethodAccessorImpl.invoke(Unknown Source)
at java.lang.reflect.Method.invoke(Unknown Source)
at org.testng.internal.MethodInvocationHelper.invokeMethod(MethodInvocationHelper.java:124)
at org.testng.internal.MethodInvocationHelper.invokeMethodConsideringTimeout(MethodInvocationHelper.java:59)
at org.testng.internal.Invoker.invokeConfigurationMethod(Invoker.java:458)
at org.testng.internal.Invoker.invokeConfigurations(Invoker.java:222)
at org.testng.internal.Invoker.invokeMethod(Invoker.java:646)
at org.testng.internal.Invoker.invokeTestMethod(Invoker.java:719)
at org.testng.internal.Invoker.invokeTestMethods(Invoker.java:989)
at org.testng.internal.TestMethodWorker.invokeTestMethods(TestMethodWorker.java:125)
at org.testng.internal.TestMethodWorker.run(TestMethodWorker.java:109)
at org.testng.TestRunner.privateRun(TestRunner.java:648)
at org.testng.TestRunner.run(TestRunner.java:505)
at org.testng.SuiteRunner.runTest(SuiteRunner.java:455)
at org.testng.SuiteRunner.runSequentially(SuiteRunner.java:450)
at org.testng.SuiteRunner.privateRun(SuiteRunner.java:415)
at org.testng.SuiteRunner.run(SuiteRunner.java:364)
at org.testng.SuiteRunnerWorker.runSuite(SuiteRunnerWorker.java:52)
at org.testng.SuiteRunnerWorker.run(SuiteRunnerWorker.java:84)
at org.testng.TestNG.runSuitesSequentially(TestNG.java:1208)
at org.testng.TestNG.runSuitesLocally(TestNG.java:1137)
at org.testng.TestNG.runSuites(TestNG.java:1049)
at org.testng.TestNG.run(TestNG.java:1017)
at org.testng.remote.AbstractRemoteTestNG.run(AbstractRemoteTestNG.java:114)
at org.testng.remote.RemoteTestNG.initAndRun(RemoteTestNG.java:251)
at org.testng.remote.RemoteTestNG.main(RemoteTestNG.java:77)
]]>
    </error>
  </testcase> <!-- Tear_Down -->
  <testcase name="Lamp_Login" time="5.035" classname="HFIC.Testcases.com.LampLogin">
    <error type="java.lang.NullPointerException">
      <![CDATA[java.lang.NullPointerException
at org.openqa.selenium.support.pagefactory.DefaultElementLocator.findElement(DefaultElementLocator.java:69)
at org.openqa.selenium.support.pagefactory.internal.LocatingElementHandler.invoke(LocatingElementHandler.java:38)
at com.sun.proxy.$Proxy14.sendKeys(Unknown Source)
at COM.HFIC.Pages.Lamploginpage.login_to_Lamp(Lamploginpage.java:28)
at HFIC.Testcases.com.LampLogin.Lamp_Login(LampLogin.java:29)
at sun.reflect.NativeMethodAccessorImpl.invoke0(Native Method)
at sun.reflect.NativeMethodAccessorImpl.invoke(Unknown Source)
at sun.reflect.DelegatingMethodAccessorImpl.invoke(Unknown Source)
at java.lang.reflect.Method.invoke(Unknown Source)
at org.testng.internal.MethodInvocationHelper.invokeMethod(MethodInvocationHelper.java:124)
at org.testng.internal.Invoker.invokeMethod(Invoker.java:583)
at org.testng.internal.Invoker.invokeTestMethod(Invoker.java:719)
at org.testng.internal.Invoker.invokeTestMethods(Invoker.java:989)
at org.testng.internal.TestMethodWorker.invokeTestMethods(TestMethodWorker.java:125)
at org.testng.internal.TestMethodWorker.run(TestMethodWorker.java:109)
at org.testng.TestRunner.privateRun(TestRunner.java:648)
at org.testng.TestRunner.run(TestRunner.java:505)
at org.testng.SuiteRunner.runTest(SuiteRunner.java:455)
at org.testng.SuiteRunner.runSequentially(SuiteRunner.java:450)
at org.testng.SuiteRunner.privateRun(SuiteRunner.java:415)
at org.testng.SuiteRunner.run(SuiteRunner.java:364)
at org.testng.SuiteRunnerWorker.runSuite(SuiteRunnerWorker.java:52)
at org.testng.SuiteRunnerWorker.run(SuiteRunnerWorker.java:84)
at org.testng.TestNG.runSuitesSequentially(TestNG.java:1208)
at org.testng.TestNG.runSuitesLocally(TestNG.java:1137)
at org.testng.TestNG.runSuites(TestNG.java:1049)
at org.testng.TestNG.run(TestNG.java:1017)
at org.testng.remote.AbstractRemoteTestNG.run(AbstractRemoteTestNG.java:114)
at org.testng.remote.RemoteTestNG.initAndRun(RemoteTestNG.java:251)
at org.testng.remote.RemoteTestNG.main(RemoteTestNG.java:77)
]]>
    </error>
  </testcase> <!-- Lamp_Login -->
  <testcase name="Lamp_Homepage1" time="0.000" classname="HFIC.Testcases.com.LampLogin">
    <skipped/>
  </testcase> <!-- Lamp_Homepage1 -->
  <testcase name="Get_Quotepage1" time="0.000" classname="HFIC.Testcases.com.LampLogin">
    <skipped/>
  </testcase> <!-- Get_Quotepage1 -->
  <testcase name="HealthInsurencePlans1" time="0.000" classname="HFIC.Testcases.com.LampLogin">
    <skipped/>
  </testcase> <!-- HealthInsurencePlans1 -->
  <testcase name="GroupInformationPage1" time="0.000" classname="HFIC.Testcases.com.LampLogin">
    <skipped/>
  </testcase> <!-- GroupInformationPage1 -->
  <testcase name="Group_Administration1" time="0.000" classname="HFIC.Testcases.com.LampLogin">
    <skipped/>
  </testcase> <!-- Group_Administration1 -->
  <testcase name="COBRA_Coverage1" time="0.000" classname="HFIC.Testcases.com.LampLogin">
    <skipped/>
  </testcase> <!-- COBRA_Coverage1 -->
  <testcase name="BrokerGeneral_AgentInformation1" time="0.000" classname="HFIC.Testcases.com.LampLogin">
    <skipped/>
  </testcase> <!-- BrokerGeneral_AgentInformation1 -->
  <testcase name="AddEmployee1" time="0.000" classname="HFIC.Testcases.com.LampLogin">
    <skipped/>
  </testcase> <!-- AddEmployee1 -->
  <testcase name="Uploaddocument13" time="0.000" classname="HFIC.Testcases.com.LampLogin">
    <skipped/>
  </testcase> <!-- Uploaddocument13 -->
  <testcase name="ReviewApplication_Details" time="0.000" classname="HFIC.Testcases.com.LampLogin">
    <skipped/>
  </testcase> <!-- ReviewApplication_Details -->
  <testcase name="Agreement1" time="0.000" classname="HFIC.Testcases.com.LampLogin">
    <skipped/>
  </testcase> <!-- Agreement1 -->
</testsuite> <!-- HFIC.Testcases.com.LampLogin -->
