<?xml version="1.0" encoding="UTF-8"?>
<!-- Generated by org.testng.reporters.JUnitReportReporter -->
<testsuite skipped="0" hostname="SVFL-XAADQAF-39" name="HFIC.Testcases.com.tesrtt" tests="1" failures="0" timestamp="12 Apr 2021 19:34:00 GMT" time="5.571" errors="0">
  <testcase name="john" time="5.571" classname="HFIC.Testcases.com.tesrtt"/>
</testsuite> <!-- HFIC.Testcases.com.tesrtt -->
