<?xml version="1.0" encoding="UTF-8"?>
<!-- Generated by org.testng.reporters.JUnitReportReporter -->
<testsuite skipped="0" hostname="SVFL-XAADQAF-38" name="HFIC.Testcases.com.Enrollment_360_Search" tests="4" failures="0" timestamp="12 Apr 2021 02:53:03 GMT" time="184.034" errors="0">
  <testcase name="HFIC_Group_Number_Search" time="30.219" classname="HFIC.Testcases.com.Enrollment_360_Search"/>
  <testcase name="HP_Group_Search" time="31.665" classname="HFIC.Testcases.com.Enrollment_360_Search"/>
  <testcase name="MemberSearch" time="44.777" classname="HFIC.Testcases.com.Enrollment_360_Search"/>
  <testcase name="Member_Search_Otherinfo" time="77.373" classname="HFIC.Testcases.com.Enrollment_360_Search"/>
</testsuite> <!-- HFIC.Testcases.com.Enrollment_360_Search -->
