<?xml version="1.0" encoding="UTF-8"?>
<!-- Generated by org.testng.reporters.JUnitReportReporter -->
<testsuite hostname="SVFL-XAAD-038" name="HFIC.Testcases.com.LampLogin" tests="1" failures="0" timestamp="6 May 2021 17:16:48 GMT" time="445.689" errors="0">
  <testcase name="Lamp_SMG_Application_Submissionn" time="445.689" classname="HFIC.Testcases.com.LampLogin"/>
</testsuite> <!-- HFIC.Testcases.com.LampLogin -->
