<?xml version="1.0" encoding="UTF-8"?>
<!-- Generated by org.testng.reporters.JUnitReportReporter -->
<testsuite hostname="SVFL-XAAD-043" name="HFIC.Testcases.com.Enrollment_360_Search" tests="1" failures="0" timestamp="12 May 2021 17:30:56 GMT" time="351.655" errors="0">
  <testcase name="HFIC_Group_Number_Search" time="351.655" classname="HFIC.Testcases.com.Enrollment_360_Search"/>
</testsuite> <!-- HFIC.Testcases.com.Enrollment_360_Search -->
