<?xml version="1.0" encoding="UTF-8"?>
<!-- Generated by org.testng.reporters.JUnitReportReporter -->
<testsuite skipped="0" hostname="SVFL-XAADQAF-38" name="HFIC.Testcases.com.PEGA_Search" tests="5" failures="0" timestamp="12 Apr 2021 01:56:18 GMT" time="235.203" errors="0">
  <testcase name="Task_M_Search" time="29.242" classname="HFIC.Testcases.com.PEGA_Search"/>
  <testcase name="Task_G_Search" time="19.121" classname="HFIC.Testcases.com.PEGA_Search"/>
  <testcase name="Task_Payment_Exception_Search" time="21.957" classname="HFIC.Testcases.com.PEGA_Search"/>
  <testcase name="Task_B_Search" time="47.885" classname="HFIC.Testcases.com.PEGA_Search"/>
  <testcase name="Application_Search" time="116.998" classname="HFIC.Testcases.com.PEGA_Search"/>
</testsuite> <!-- HFIC.Testcases.com.PEGA_Search -->
