<?xml version="1.0" encoding="UTF-8"?>
<!-- Generated by org.testng.reporters.JUnitReportReporter -->
<testsuite hostname="SVFL-XAAD-043" name="HFIC.Testcases.com.LampLogin" tests="12" failures="0" timestamp="20 Apr 2021 21:22:39 GMT" time="152.198" errors="0">
  <testcase name="BrokerGeneral_AgentInformation1" time="1.129" classname="HFIC.Testcases.com.LampLogin"/>
  <testcase name="AddEmployee1" time="24.751" classname="HFIC.Testcases.com.LampLogin"/>
  <testcase name="Agreement1" time="18.607" classname="HFIC.Testcases.com.LampLogin"/>
  <testcase name="Group_Administration1" time="1.965" classname="HFIC.Testcases.com.LampLogin"/>
  <testcase name="GroupInformationPage1" time="7.056" classname="HFIC.Testcases.com.LampLogin"/>
  <testcase name="COBRA_Coverage1" time="0.465" classname="HFIC.Testcases.com.LampLogin"/>
  <testcase name="Uploaddocument13" time="71.456" classname="HFIC.Testcases.com.LampLogin"/>
  <testcase name="Lamp_Homepage1" time="6.689" classname="HFIC.Testcases.com.LampLogin"/>
  <testcase name="ReviewApplication_Details" time="2.411" classname="HFIC.Testcases.com.LampLogin"/>
  <testcase name="Lamp_Login" time="6.196" classname="HFIC.Testcases.com.LampLogin"/>
  <testcase name="Get_Quotepage1" time="10.288" classname="HFIC.Testcases.com.LampLogin"/>
  <testcase name="HealthInsurencePlans1" time="1.185" classname="HFIC.Testcases.com.LampLogin"/>
</testsuite> <!-- HFIC.Testcases.com.LampLogin -->
