<?xml version="1.0" encoding="UTF-8"?>
<!-- Generated by org.testng.reporters.JUnitReportReporter -->
<testsuite skipped="0" hostname="SVFL-XAADQAF-34" name="HFIC.Testcases.com.PEGA_Search" tests="3" failures="0" timestamp="11 Apr 2021 19:46:14 GMT" time="244.891" errors="0">
  <testcase name="Task_B_Search" time="55.109" classname="HFIC.Testcases.com.PEGA_Search"/>
  <testcase name="Application_Search" time="154.873" classname="HFIC.Testcases.com.PEGA_Search"/>
  <testcase name="Task_M_Search" time="34.909" classname="HFIC.Testcases.com.PEGA_Search"/>
</testsuite> <!-- HFIC.Testcases.com.PEGA_Search -->
