<?xml version="1.0" encoding="UTF-8"?>
<!-- Generated by org.testng.reporters.JUnitReportReporter -->
<testsuite hostname="SVFL-XAAD-036" name="HFIC.Testcases.com.LampLogin" tests="12" failures="0" timestamp="19 Apr 2021 15:17:45 GMT" time="152.684" errors="0">
  <testcase name="HealthInsurencePlans1" time="2.075" classname="HFIC.Testcases.com.LampLogin"/>
  <testcase name="ReviewApplication_Details" time="2.475" classname="HFIC.Testcases.com.LampLogin"/>
  <testcase name="Lamp_Homepage1" time="8.310" classname="HFIC.Testcases.com.LampLogin"/>
  <testcase name="GroupInformationPage1" time="8.093" classname="HFIC.Testcases.com.LampLogin"/>
  <testcase name="Uploaddocument13" time="66.472" classname="HFIC.Testcases.com.LampLogin"/>
  <testcase name="COBRA_Coverage1" time="0.546" classname="HFIC.Testcases.com.LampLogin"/>
  <testcase name="Group_Administration1" time="1.710" classname="HFIC.Testcases.com.LampLogin"/>
  <testcase name="AddEmployee1" time="25.469" classname="HFIC.Testcases.com.LampLogin"/>
  <testcase name="Agreement1" time="19.756" classname="HFIC.Testcases.com.LampLogin"/>
  <testcase name="Lamp_Login" time="6.056" classname="HFIC.Testcases.com.LampLogin"/>
  <testcase name="Get_Quotepage1" time="9.775" classname="HFIC.Testcases.com.LampLogin"/>
  <testcase name="BrokerGeneral_AgentInformation1" time="1.947" classname="HFIC.Testcases.com.LampLogin"/>
</testsuite> <!-- HFIC.Testcases.com.LampLogin -->
