<?xml version="1.0" encoding="UTF-8"?>
<!-- Generated by org.testng.reporters.JUnitReportReporter -->
<testsuite skipped="0" hostname="SVFL-XAADQAF-36" name="HFIC.Testcases.com.Enrollment_360_Search" tests="1" failures="0" timestamp="13 Apr 2021 21:47:10 GMT" time="45.034" errors="0">
  <testcase name="HFIC_Group_Number_Search" time="45.034" classname="HFIC.Testcases.com.Enrollment_360_Search"/>
</testsuite> <!-- HFIC.Testcases.com.Enrollment_360_Search -->
