<?xml version="1.0" encoding="UTF-8"?>
<!-- Generated by org.testng.reporters.JUnitReportReporter -->
<testsuite skipped="0" hostname="SVFL-XAADQAF-40" name="PEGA.Changerequest5" tests="1" failures="0" timestamp="04 Apr 2021 15:09:47 GMT" time="70.020" errors="0">
  <testcase name="uplod_Documents" time="70.020" classname="PEGA.Changerequest5"/>
</testsuite> <!-- PEGA.Changerequest5 -->
