<?xml version="1.0" encoding="UTF-8"?>
<!-- Generated by org.testng.reporters.JUnitReportReporter -->
<testsuite skipped="0" hostname="SVFL-XAADQAF-17" name="HFIC.Testcases.com.Enrollment_360_new" tests="4" failures="0" timestamp="09 Apr 2021 13:10:53 GMT" time="200.915" errors="0">
  <testcase name="HFIC_Group_Number_Search" time="35.056" classname="HFIC.Testcases.com.Enrollment_360_new"/>
  <testcase name="HP_Group_Search" time="33.945" classname="HFIC.Testcases.com.Enrollment_360_new"/>
  <testcase name="MemberSearch" time="48.275" classname="HFIC.Testcases.com.Enrollment_360_new"/>
  <testcase name="Member_Search_Otherinfo" time="83.639" classname="HFIC.Testcases.com.Enrollment_360_new"/>
</testsuite> <!-- HFIC.Testcases.com.Enrollment_360_new -->
