<?xml version="1.0" encoding="UTF-8"?>
<!-- Generated by org.testng.reporters.JUnitReportReporter -->
<testsuite skipped="0" hostname="SVFL-XAADQAF-37" name="HFIC.Testcases.com.PEGA_Search" tests="1" failures="0" timestamp="14 Apr 2021 14:48:09 GMT" time="51.451" errors="0">
  <testcase name="HFIC_Initial_Application_Search" time="51.451" classname="HFIC.Testcases.com.PEGA_Search"/>
</testsuite> <!-- HFIC.Testcases.com.PEGA_Search -->
