<?xml version="1.0" encoding="UTF-8"?>
<!-- Generated by org.testng.reporters.JUnitReportReporter -->
<testsuite hostname="SVFL-XAAD-047" name="HFIC.Testcases.com.PEGA_Application_process" tests="1" failures="0" timestamp="23 Apr 2021 19:02:18 GMT" time="120.051" errors="0">
  <testcase name="PEGA_App_process" time="120.051" classname="HFIC.Testcases.com.PEGA_Application_process"/>
</testsuite> <!-- HFIC.Testcases.com.PEGA_Application_process -->
