<?xml version="1.0" encoding="UTF-8"?>
<!-- Generated by org.testng.reporters.JUnitReportReporter -->
<testsuite skipped="0" hostname="SVFL-XAADQAF-31" name="HFIC.Testcases.com.CR_UploadeDocuments" tests="8" failures="0" timestamp="08 Apr 2021 13:24:14 GMT" time="325.065" errors="0">
  <testcase name="CR_UploadeDocument2" time="40.302" classname="HFIC.Testcases.com.CR_UploadeDocuments"/>
  <testcase name="CR_UploadeDocument5" time="40.340" classname="HFIC.Testcases.com.CR_UploadeDocuments"/>
  <testcase name="CR_UploadeDocument6" time="41.066" classname="HFIC.Testcases.com.CR_UploadeDocuments"/>
  <testcase name="CR_UploadeDocument3" time="41.052" classname="HFIC.Testcases.com.CR_UploadeDocuments"/>
  <testcase name="CR_UploadeDocument4" time="39.721" classname="HFIC.Testcases.com.CR_UploadeDocuments"/>
  <testcase name="CR_UploadeDocument" time="39.691" classname="HFIC.Testcases.com.CR_UploadeDocuments"/>
  <testcase name="CR_UploadeDocument1" time="40.105" classname="HFIC.Testcases.com.CR_UploadeDocuments"/>
  <testcase name="CR_UploadeDocument7" time="42.788" classname="HFIC.Testcases.com.CR_UploadeDocuments"/>
</testsuite> <!-- HFIC.Testcases.com.CR_UploadeDocuments -->
