<?xml version="1.0" encoding="UTF-8"?>
<!-- Generated by org.testng.reporters.JUnitReportReporter -->
<testsuite hostname="SVFL-XAAD-043" name="HFIC.Testcases.com.PEGA_Application_process" tests="1" failures="0" timestamp="20 Apr 2021 16:49:06 GMT" time="39.103" errors="0">
  <testcase name="PEGA_App_process" time="39.103" classname="HFIC.Testcases.com.PEGA_Application_process"/>
</testsuite> <!-- HFIC.Testcases.com.PEGA_Application_process -->
