<?xml version="1.0" encoding="UTF-8"?>
<!-- Generated by org.testng.reporters.JUnitReportReporter -->
<testsuite hostname="SVFL-XAAD-044" name="HFIC.Testcases.com.LampLogin" tests="1" failures="0" timestamp="7 May 2021 20:48:05 GMT" time="446.739" errors="0">
  <testcase name="Lamp_SMG_Application_Submissionn" time="446.739" classname="HFIC.Testcases.com.LampLogin"/>
</testsuite> <!-- HFIC.Testcases.com.LampLogin -->
