<?xml version="1.0" encoding="UTF-8"?>
<!-- Generated by org.testng.reporters.JUnitReportReporter -->
<testsuite hostname="SVFL-XAAD-003" name="HFIC.Testcases.com.SMG_Enrollment_AGE_26_Rider" tests="1" failures="0" timestamp="26 Aug 2021 21:44:11 GMT" time="509.679" errors="0">
  <testcase name="Lamp_SMG_Application_Submissionn" time="509.679" classname="HFIC.Testcases.com.SMG_Enrollment_AGE_26_Rider"/>
</testsuite> <!-- HFIC.Testcases.com.SMG_Enrollment_AGE_26_Rider -->
