<?xml version="1.0" encoding="UTF-8"?>
<!-- Generated by org.testng.reporters.JUnitReportReporter -->
<testsuite skipped="0" hostname="SVFL-XAADQAF-39" name="HFIC.Testcases.com.PEGA_Search" tests="12" failures="0" timestamp="12 Apr 2021 23:54:10 GMT" time="424.949" errors="0">
  <testcase name="HFIC_Initial_Application_Search" time="39.286" classname="HFIC.Testcases.com.PEGA_Search"/>
  <testcase name="HFIC_Maintenance_Application_Search" time="40.780" classname="HFIC.Testcases.com.PEGA_Search"/>
  <testcase name="HFIC_Renewal_Application_Search" time="40.773" classname="HFIC.Testcases.com.PEGA_Search"/>
  <testcase name="Task_B_Search" time="51.818" classname="HFIC.Testcases.com.PEGA_Search"/>
  <testcase name="Task_M_Search" time="27.087" classname="HFIC.Testcases.com.PEGA_Search"/>
  <testcase name="Task_G_Search" time="15.741" classname="HFIC.Testcases.com.PEGA_Search"/>
  <testcase name="Task_Payment_Exception_Search" time="19.672" classname="HFIC.Testcases.com.PEGA_Search"/>
  <testcase name="Task_COBTask_Search" time="36.178" classname="HFIC.Testcases.com.PEGA_Search"/>
  <testcase name="Task_QLETrack_Search" time="36.559" classname="HFIC.Testcases.com.PEGA_Search"/>
  <testcase name="Task_Presumptive_Search" time="45.011" classname="HFIC.Testcases.com.PEGA_Search"/>
  <testcase name="HP_Group_Task_Serach" time="26.627" classname="HFIC.Testcases.com.PEGA_Search"/>
  <testcase name="HP_Reconciliation_Task_Serach" time="45.417" classname="HFIC.Testcases.com.PEGA_Search"/>
</testsuite> <!-- HFIC.Testcases.com.PEGA_Search -->
