<?xml version="1.0" encoding="UTF-8"?>
<!-- Generated by org.testng.reporters.JUnitReportReporter -->
<testsuite skipped="0" hostname="SVFL-XAADQAF-31" name="HFIC.Testcases.com.CR_HSA" tests="2" failures="0" timestamp="08 Apr 2021 13:30:27 GMT" time="74.227" errors="0">
  <testcase name="CR_HSA_Groupupdate" time="36.300" classname="HFIC.Testcases.com.CR_HSA"/>
  <testcase name="CR_Member_update" time="37.927" classname="HFIC.Testcases.com.CR_HSA"/>
</testsuite> <!-- HFIC.Testcases.com.CR_HSA -->
