<?xml version="1.0" encoding="UTF-8"?>
<!-- Generated by org.testng.reporters.JUnitReportReporter -->
<testsuite hostname="SVFL-XAAD-038" name="HFIC.Testcases.com.Enrollment_360_Search" tests="4" failures="0" timestamp="21 Apr 2021 19:30:44 GMT" time="264.439" errors="0">
  <testcase name="MemberSearch" time="58.161" classname="HFIC.Testcases.com.Enrollment_360_Search"/>
  <testcase name="HFIC_Group_Number_Search" time="46.342" classname="HFIC.Testcases.com.Enrollment_360_Search"/>
  <testcase name="Member_Search_Otherinfo" time="92.450" classname="HFIC.Testcases.com.Enrollment_360_Search"/>
  <testcase name="HP_Group_Search" time="67.486" classname="HFIC.Testcases.com.Enrollment_360_Search"/>
</testsuite> <!-- HFIC.Testcases.com.Enrollment_360_Search -->
