<?xml version="1.0" encoding="UTF-8"?>
<!-- Generated by org.testng.reporters.JUnitReportReporter -->
<testsuite hostname="SVFL-XAAD-043" name="HFIC.Testcases.com.CR_UploadeDocuments" tests="1" failures="0" timestamp="12 May 2021 13:39:02 GMT" time="232.005" errors="0">
  <testcase name="CR_Audit_UploadeDocument" time="232.005" classname="HFIC.Testcases.com.CR_UploadeDocuments"/>
</testsuite> <!-- HFIC.Testcases.com.CR_UploadeDocuments -->
