<?xml version="1.0" encoding="UTF-8"?>
<!-- Generated by org.testng.reporters.JUnitReportReporter -->
<testsuite hostname="SVFL-XAAD-038" name="HFIC.Testcases.com.PEGA_Application_process" tests="1" failures="0" timestamp="21 Apr 2021 15:01:39 GMT" time="150.286" errors="0">
  <testcase name="PEGA_App_process" time="150.286" classname="HFIC.Testcases.com.PEGA_Application_process"/>
</testsuite> <!-- HFIC.Testcases.com.PEGA_Application_process -->
