<?xml version="1.0" encoding="UTF-8"?>
<!-- Generated by org.testng.reporters.JUnitReportReporter -->
<testsuite hostname="SVFL-XAAD-038" name="HFIC.Testcases.com.PEGA_Application_process" tests="1" failures="0" timestamp="21 Apr 2021 18:57:07 GMT" time="137.826" errors="0">
  <testcase name="PEGA_App_process" time="137.826" classname="HFIC.Testcases.com.PEGA_Application_process"/>
</testsuite> <!-- HFIC.Testcases.com.PEGA_Application_process -->
