<?xml version="1.0" encoding="UTF-8"?>
<!-- Generated by org.testng.reporters.JUnitReportReporter -->
<testsuite skipped="0" hostname="SVFL-XAADQAF-36" name="HFIC.Testcases.com.CR_UpdateHSA_Group_Member" tests="2" failures="0" timestamp="13 Apr 2021 18:19:39 GMT" time="47.061" errors="0">
  <testcase name="CR_HSA_Member_update" time="22.345" classname="HFIC.Testcases.com.CR_UpdateHSA_Group_Member"/>
  <testcase name="CR_HSA_Group_update" time="24.716" classname="HFIC.Testcases.com.CR_UpdateHSA_Group_Member"/>
</testsuite> <!-- HFIC.Testcases.com.CR_UpdateHSA_Group_Member -->
