<?xml version="1.0" encoding="UTF-8"?>
<!-- Generated by org.testng.reporters.JUnitReportReporter -->
<testsuite hostname="SVFL-XAAD-014" name="HFIC.Testcases.com.PEGA_Application_process" tests="1" failures="0" timestamp="26 Apr 2021 14:17:17 GMT" time="127.966" errors="0">
  <testcase name="PEGA_App_process" time="127.966" classname="HFIC.Testcases.com.PEGA_Application_process"/>
</testsuite> <!-- HFIC.Testcases.com.PEGA_Application_process -->
