<?xml version="1.0" encoding="UTF-8"?>
<!-- Generated by org.testng.reporters.JUnitReportReporter -->
<testsuite hostname="SVFL-XAAD-047" name="HFIC.Testcases.com.LampLogin" tests="3" failures="0" timestamp="22 Apr 2021 21:40:55 GMT" time="343.293" errors="0">
  <testcase name="Lamp_SMG_Application_Submissionn" time="114.997" classname="HFIC.Testcases.com.LampLogin"/>
  <testcase name="Lamp_SMG_Application_Submissionn" time="115.544" classname="HFIC.Testcases.com.LampLogin"/>
  <testcase name="Lamp_SMG_Application_Submissionn" time="112.752" classname="HFIC.Testcases.com.LampLogin"/>
</testsuite> <!-- HFIC.Testcases.com.LampLogin -->
