<?xml version="1.0" encoding="UTF-8"?>
<!-- Generated by org.testng.reporters.JUnitReportReporter -->
<testsuite skipped="0" hostname="SVFL-XAADQAF-38" name="HFIC.Testcases.com.PEGA_Search" tests="4" failures="0" timestamp="12 Apr 2021 01:17:17 GMT" time="266.560" errors="0">
  <testcase name="Task_M_Search" time="34.924" classname="HFIC.Testcases.com.PEGA_Search"/>
  <testcase name="Task_G_Search" time="23.288" classname="HFIC.Testcases.com.PEGA_Search"/>
  <testcase name="Task_B_Search" time="55.081" classname="HFIC.Testcases.com.PEGA_Search"/>
  <testcase name="Application_Search" time="153.267" classname="HFIC.Testcases.com.PEGA_Search"/>
</testsuite> <!-- HFIC.Testcases.com.PEGA_Search -->
