<?xml version="1.0" encoding="UTF-8"?>
<!-- Generated by org.testng.reporters.JUnitReportReporter -->
<testsuite skipped="0" hostname="SVFL-XAADQAF-13" name="HFIC.Testcases.com.CR_UploadeDocuments" tests="1" failures="0" timestamp="05 Apr 2021 22:01:09 GMT" time="37.915" errors="0">
  <testcase name="CR_UploadeDocument" time="37.915" classname="HFIC.Testcases.com.CR_UploadeDocuments"/>
</testsuite> <!-- HFIC.Testcases.com.CR_UploadeDocuments -->
