<?xml version="1.0" encoding="UTF-8"?>
<!-- Generated by org.testng.reporters.JUnitReportReporter -->
<testsuite hostname="SVFL-XAAD-043" name="HFIC.Testcases.com.PEGA_Search" tests="1" failures="0" timestamp="20 Apr 2021 13:40:23 GMT" time="85.685" errors="0">
  <testcase name="Task_G_Search" time="85.685" classname="HFIC.Testcases.com.PEGA_Search"/>
</testsuite> <!-- HFIC.Testcases.com.PEGA_Search -->
