<?xml version="1.0" encoding="UTF-8"?>
<!-- Generated by org.testng.reporters.JUnitReportReporter -->
<testsuite hostname="SVFL-XAAD-042" name="HFIC.Testcases.com.PaymentBypass" tests="1" failures="0" timestamp="28 Apr 2021 15:53:39 GMT" time="29.045" errors="0">
  <testcase name="Payment_Bypass" time="29.045" classname="HFIC.Testcases.com.PaymentBypass"/>
</testsuite> <!-- HFIC.Testcases.com.PaymentBypass -->
