<?xml version="1.0" encoding="UTF-8"?>
<!-- Generated by org.testng.reporters.JUnitReportReporter -->
<testsuite hostname="SVFL-XAAD-081" name="HFIC.Testcases.com.LampLogin" tests="1" failures="0" timestamp="25 Aug 2021 20:20:26 GMT" time="468.979" errors="0">
  <testcase name="Lamp_SMG_Application_Submissionn" time="468.979" classname="HFIC.Testcases.com.LampLogin"/>
</testsuite> <!-- HFIC.Testcases.com.LampLogin -->
