<?xml version="1.0" encoding="UTF-8"?>
<!-- Generated by org.testng.reporters.JUnitReportReporter -->
<testsuite skipped="0" hostname="SVFL-XAADQAF-08" name="HFIC.Testcases.com.LampLogin" tests="12" failures="0" timestamp="15 Apr 2021 22:34:46 GMT" time="192.460" errors="0">
  <testcase name="Lamp_Login" time="5.666" classname="HFIC.Testcases.com.LampLogin"/>
  <testcase name="Lamp_Homepage1" time="5.780" classname="HFIC.Testcases.com.LampLogin"/>
  <testcase name="Get_Quotepage1" time="10.030" classname="HFIC.Testcases.com.LampLogin"/>
  <testcase name="HealthInsurencePlans1" time="1.729" classname="HFIC.Testcases.com.LampLogin"/>
  <testcase name="GroupInformationPage1" time="7.818" classname="HFIC.Testcases.com.LampLogin"/>
  <testcase name="Group_Administration1" time="1.217" classname="HFIC.Testcases.com.LampLogin"/>
  <testcase name="COBRA_Coverage1" time="1.044" classname="HFIC.Testcases.com.LampLogin"/>
  <testcase name="BrokerGeneral_AgentInformation1" time="1.369" classname="HFIC.Testcases.com.LampLogin"/>
  <testcase name="AddEmployee1" time="69.089" classname="HFIC.Testcases.com.LampLogin"/>
  <testcase name="Uploaddocument13" time="65.886" classname="HFIC.Testcases.com.LampLogin"/>
  <testcase name="ReviewApplication_Details" time="4.406" classname="HFIC.Testcases.com.LampLogin"/>
  <testcase name="Agreement1" time="18.426" classname="HFIC.Testcases.com.LampLogin"/>
</testsuite> <!-- HFIC.Testcases.com.LampLogin -->
