<?xml version="1.0" encoding="UTF-8"?>
<!-- Generated by org.testng.reporters.JUnitReportReporter -->
<testsuite hostname="SVFL-XAAD-035" name="HFIC.Testcases.com.LampLogin" tests="1" failures="0" timestamp="10 May 2021 13:48:12 GMT" time="473.429" errors="0">
  <testcase name="Lamp_SMG_Application_Submissionn" time="473.429" classname="HFIC.Testcases.com.LampLogin"/>
</testsuite> <!-- HFIC.Testcases.com.LampLogin -->
