<?xml version="1.0" encoding="UTF-8"?>
<!-- Generated by org.testng.reporters.JUnitReportReporter -->
<testsuite skipped="0" hostname="SVFL-XAADQAF-17" name="HFIC.Testcases.com.CR_HSAnew" tests="2" failures="0" timestamp="09 Apr 2021 22:35:13 GMT" time="49.515" errors="0">
  <testcase name="CR_HSA_Member_update" time="24.293" classname="HFIC.Testcases.com.CR_HSAnew"/>
  <testcase name="CR_HSA_Group_update" time="25.222" classname="HFIC.Testcases.com.CR_HSAnew"/>
</testsuite> <!-- HFIC.Testcases.com.CR_HSAnew -->
