<?xml version="1.0" encoding="UTF-8"?>
<!-- Generated by org.testng.reporters.JUnitReportReporter -->
<testsuite skipped="0" hostname="SVFL-XAADQAF-31" name="HFIC.Testcases.com.Enrollment_360_new" tests="4" failures="0" timestamp="09 Apr 2021 00:19:21 GMT" time="190.289" errors="0">
  <testcase name="HFIC_Group_Number_Search" time="31.534" classname="HFIC.Testcases.com.Enrollment_360_new"/>
  <testcase name="HP_Group_Search" time="32.917" classname="HFIC.Testcases.com.Enrollment_360_new"/>
  <testcase name="MemberSearch" time="45.987" classname="HFIC.Testcases.com.Enrollment_360_new"/>
  <testcase name="Member_Search_Otherinfo" time="79.851" classname="HFIC.Testcases.com.Enrollment_360_new"/>
</testsuite> <!-- HFIC.Testcases.com.Enrollment_360_new -->
