<?xml version="1.0" encoding="UTF-8"?>
<!-- Generated by org.testng.reporters.JUnitReportReporter -->
<testsuite hostname="SVFL-XAAD-003" name="HFIC.Testcases.com.LampLogin" tests="1" failures="0" timestamp="26 Aug 2021 19:39:04 GMT" time="463.383" errors="0">
  <testcase name="Lamp_SMG_Application_Submissionn" time="463.383" classname="HFIC.Testcases.com.LampLogin"/>
</testsuite> <!-- HFIC.Testcases.com.LampLogin -->
