<?xml version="1.0" encoding="UTF-8"?>
<!-- Generated by org.testng.reporters.JUnitReportReporter -->
<testsuite hostname="SVFL-XAAD-036" name="HFIC.Testcases.com.PEGA_Search" tests="1" failures="0" timestamp="19 Apr 2021 22:59:54 GMT" time="93.381" errors="0">
  <testcase name="HP_Reconciliation_Task_Serach" time="93.381" classname="HFIC.Testcases.com.PEGA_Search"/>
</testsuite> <!-- HFIC.Testcases.com.PEGA_Search -->
