<?xml version="1.0" encoding="UTF-8"?>
<!-- Generated by org.testng.reporters.JUnitReportReporter -->
<testsuite hostname="SVFL-XAAD-038" name="HFIC.Testcases.com.CR_UploadeDocuments" tests="2" failures="0" timestamp="21 Apr 2021 19:03:34 GMT" time="299.114" errors="0">
  <testcase name="CR_Audit_UploadeDocument" time="110.192" classname="HFIC.Testcases.com.CR_UploadeDocuments"/>
  <testcase name="CR_Other_UploadeDocument" time="188.922" classname="HFIC.Testcases.com.CR_UploadeDocuments"/>
</testsuite> <!-- HFIC.Testcases.com.CR_UploadeDocuments -->
