<?xml version="1.0" encoding="UTF-8"?>
<!-- Generated by org.testng.reporters.JUnitReportReporter -->
<testsuite hostname="SVFL-XAAD-077" name="HFIC.Testcases.com.SMG_Enrollment_AGE_26_Rider" tests="1" failures="0" timestamp="5 Oct 2021 21:13:35 GMT" time="425.572" errors="0">
  <testcase name="Lamp_SMG_Application_Submissionn" time="425.572" classname="HFIC.Testcases.com.SMG_Enrollment_AGE_26_Rider"/>
</testsuite> <!-- HFIC.Testcases.com.SMG_Enrollment_AGE_26_Rider -->
