<?xml version="1.0" encoding="UTF-8"?>
<!-- Generated by org.testng.reporters.JUnitReportReporter -->
<testsuite skipped="0" hostname="SVFL-XAADQAF-08" name="HFIC.Testcases.com.LampLogin" tests="12" failures="0" timestamp="15 Apr 2021 22:43:25 GMT" time="148.516" errors="0">
  <testcase name="Lamp_Login" time="5.763" classname="HFIC.Testcases.com.LampLogin"/>
  <testcase name="Lamp_Homepage1" time="5.500" classname="HFIC.Testcases.com.LampLogin"/>
  <testcase name="Get_Quotepage1" time="10.117" classname="HFIC.Testcases.com.LampLogin"/>
  <testcase name="HealthInsurencePlans1" time="1.731" classname="HFIC.Testcases.com.LampLogin"/>
  <testcase name="GroupInformationPage1" time="8.014" classname="HFIC.Testcases.com.LampLogin"/>
  <testcase name="Group_Administration1" time="1.343" classname="HFIC.Testcases.com.LampLogin"/>
  <testcase name="COBRA_Coverage1" time="0.421" classname="HFIC.Testcases.com.LampLogin"/>
  <testcase name="BrokerGeneral_AgentInformation1" time="2.110" classname="HFIC.Testcases.com.LampLogin"/>
  <testcase name="AddEmployee1" time="24.021" classname="HFIC.Testcases.com.LampLogin"/>
  <testcase name="Uploaddocument13" time="66.635" classname="HFIC.Testcases.com.LampLogin"/>
  <testcase name="ReviewApplication_Details" time="4.405" classname="HFIC.Testcases.com.LampLogin"/>
  <testcase name="Agreement1" time="18.456" classname="HFIC.Testcases.com.LampLogin"/>
</testsuite> <!-- HFIC.Testcases.com.LampLogin -->
