<?xml version="1.0" encoding="UTF-8"?>
<!-- Generated by org.testng.reporters.JUnitReportReporter -->
<testsuite skipped="0" hostname="SVFL-XAADQAF-40" name="PEGA.Changerequest4" tests="1" failures="0" timestamp="04 Apr 2021 15:09:49 GMT" time="69.914" errors="0">
  <testcase name="uplod_Documents" time="69.914" classname="PEGA.Changerequest4"/>
</testsuite> <!-- PEGA.Changerequest4 -->
