<?xml version="1.0" encoding="UTF-8"?>
<!-- Generated by org.testng.reporters.JUnitReportReporter -->
<testsuite hostname="SVFL-XAAD-035" name="HFIC.Testcases.com.CR_UploadeDocuments" tests="1" failures="0" timestamp="10 May 2021 22:05:15 GMT" time="223.167" errors="0">
  <testcase name="CR_Audit_UploadeDocument" time="223.167" classname="HFIC.Testcases.com.CR_UploadeDocuments"/>
</testsuite> <!-- HFIC.Testcases.com.CR_UploadeDocuments -->
