<?xml version="1.0" encoding="UTF-8"?>
<!-- Generated by org.testng.reporters.JUnitReportReporter -->
<testsuite hostname="SVFL-XAAD-038" name="HFIC.Testcases.com.CR_UpdateHSA_Group_Member" tests="2" failures="0" timestamp="21 Apr 2021 19:25:49 GMT" time="49.462" errors="0">
  <testcase name="CR_HSA_Group_update" time="26.360" classname="HFIC.Testcases.com.CR_UpdateHSA_Group_Member"/>
  <testcase name="CR_HSA_Member_update" time="23.102" classname="HFIC.Testcases.com.CR_UpdateHSA_Group_Member"/>
</testsuite> <!-- HFIC.Testcases.com.CR_UpdateHSA_Group_Member -->
