<?xml version="1.0" encoding="UTF-8"?>
<!-- Generated by org.testng.reporters.JUnitReportReporter -->
<testsuite skipped="0" hostname="SVFL-XAADQAF-05" name="HFIC.Testcases.com.Enrollment_360_new" tests="4" failures="0" timestamp="10 Apr 2021 03:30:13 GMT" time="186.194" errors="0">
  <testcase name="HFIC_Group_Number_Search" time="30.459" classname="HFIC.Testcases.com.Enrollment_360_new"/>
  <testcase name="HP_Group_Search" time="32.031" classname="HFIC.Testcases.com.Enrollment_360_new"/>
  <testcase name="MemberSearch" time="45.339" classname="HFIC.Testcases.com.Enrollment_360_new"/>
  <testcase name="Member_Search_Otherinfo" time="78.365" classname="HFIC.Testcases.com.Enrollment_360_new"/>
</testsuite> <!-- HFIC.Testcases.com.Enrollment_360_new -->
