<?xml version="1.0" encoding="UTF-8"?>
<!-- Generated by org.testng.reporters.JUnitReportReporter -->
<testsuite skipped="0" hostname="SVFL-XAADQAF-37" name="HFIC.Testcases.com.PEGA_Search" tests="1" failures="0" timestamp="14 Apr 2021 21:10:29 GMT" time="53.906" errors="0">
  <testcase name="Task_B_Search" time="53.906" classname="HFIC.Testcases.com.PEGA_Search"/>
</testsuite> <!-- HFIC.Testcases.com.PEGA_Search -->
