<?xml version="1.0" encoding="UTF-8"?>
<!-- Generated by org.testng.reporters.JUnitReportReporter -->
<testsuite skipped="0" hostname="SVFL-XAADQAF-13" name="HFIC.Testcases.com.Enrollment_360" tests="14" failures="0" timestamp="06 Apr 2021 22:00:28 GMT" time="219.578" errors="0">
  <testcase name="HP_Group_Search" time="17.980" classname="HFIC.Testcases.com.Enrollment_360"/>
  <testcase name="InvalidHFICMembereffectdate" time="15.852" classname="HFIC.Testcases.com.Enrollment_360"/>
  <testcase name="HFIC_InValid_effdateSearch" time="13.228" classname="HFIC.Testcases.com.Enrollment_360"/>
  <testcase name="InvalidHPMember360" time="15.877" classname="HFIC.Testcases.com.Enrollment_360"/>
  <testcase name="HFIC_InValid_taxSearch" time="13.063" classname="HFIC.Testcases.com.Enrollment_360"/>
  <testcase name="VALIDHPMember360" time="20.926" classname="HFIC.Testcases.com.Enrollment_360"/>
  <testcase name="VALIDHFICMember360" time="20.862" classname="HFIC.Testcases.com.Enrollment_360"/>
  <testcase name="InvalidHFICMember360" time="15.817" classname="HFIC.Testcases.com.Enrollment_360"/>
  <testcase name="HFIC_InValid_GRPnameSearch" time="13.110" classname="HFIC.Testcases.com.Enrollment_360"/>
  <testcase name="HFIC_Valid_GRPSearch" time="18.032" classname="HFIC.Testcases.com.Enrollment_360"/>
  <testcase name="HP_invalid_Group_Healthpass_Group_ID_Search" time="12.959" classname="HFIC.Testcases.com.Enrollment_360"/>
  <testcase name="HFIC_InValid_GRPnumSearch" time="13.042" classname="HFIC.Testcases.com.Enrollment_360"/>
  <testcase name="HP_invalid_Group_Eff_Search" time="12.981" classname="HFIC.Testcases.com.Enrollment_360"/>
  <testcase name="InvalidHPMembereffectdate" time="15.849" classname="HFIC.Testcases.com.Enrollment_360"/>
</testsuite> <!-- HFIC.Testcases.com.Enrollment_360 -->
