<?xml version="1.0" encoding="UTF-8"?>
<!-- Generated by org.testng.reporters.JUnitReportReporter -->
<testsuite hostname="SVFL-XAAD-042" name="HFIC.Testcases.com.LampLogin" tests="10" failures="0" timestamp="11 May 2021 19:39:59 GMT" time="1038.409" errors="0">
  <testcase name="Lamp_SMG_Application_Submissionn" time="103.911" classname="HFIC.Testcases.com.LampLogin"/>
  <testcase name="Lamp_SMG_Application_Submissionn" time="102.086" classname="HFIC.Testcases.com.LampLogin"/>
  <testcase name="Lamp_SMG_Application_Submissionn" time="105.076" classname="HFIC.Testcases.com.LampLogin"/>
  <testcase name="Lamp_SMG_Application_Submissionn" time="104.674" classname="HFIC.Testcases.com.LampLogin"/>
  <testcase name="Lamp_SMG_Application_Submissionn" time="102.458" classname="HFIC.Testcases.com.LampLogin"/>
  <testcase name="Lamp_SMG_Application_Submissionn" time="104.391" classname="HFIC.Testcases.com.LampLogin"/>
  <testcase name="Lamp_SMG_Application_Submissionn" time="104.748" classname="HFIC.Testcases.com.LampLogin"/>
  <testcase name="Lamp_SMG_Application_Submissionn" time="103.438" classname="HFIC.Testcases.com.LampLogin"/>
  <testcase name="Lamp_SMG_Application_Submissionn" time="102.054" classname="HFIC.Testcases.com.LampLogin"/>
  <testcase name="Lamp_SMG_Application_Submissionn" time="105.573" classname="HFIC.Testcases.com.LampLogin"/>
</testsuite> <!-- HFIC.Testcases.com.LampLogin -->
