<?xml version="1.0" encoding="UTF-8"?>
<!-- Generated by org.testng.reporters.JUnitReportReporter -->
<testsuite skipped="0" hostname="SVFL-XAADQAF-40" name="PEGA.Changerequest2" tests="1" failures="0" timestamp="04 Apr 2021 15:09:49 GMT" time="56.119" errors="0">
  <testcase name="uplod_Documents" time="56.119" classname="PEGA.Changerequest2"/>
</testsuite> <!-- PEGA.Changerequest2 -->
