<?xml version="1.0" encoding="UTF-8"?>
<!-- Generated by org.testng.reporters.JUnitReportReporter -->
<testsuite hostname="SVFL-XAAD-038" name="HFIC.Testcases.com.LampLogin" tests="12" failures="0" timestamp="21 Apr 2021 18:50:31 GMT" time="151.332" errors="0">
  <testcase name="BrokerGeneral_AgentInformation1" time="0.974" classname="HFIC.Testcases.com.LampLogin"/>
  <testcase name="AddEmployee1" time="24.225" classname="HFIC.Testcases.com.LampLogin"/>
  <testcase name="Agreement1" time="18.435" classname="HFIC.Testcases.com.LampLogin"/>
  <testcase name="Group_Administration1" time="2.045" classname="HFIC.Testcases.com.LampLogin"/>
  <testcase name="GroupInformationPage1" time="7.380" classname="HFIC.Testcases.com.LampLogin"/>
  <testcase name="COBRA_Coverage1" time="0.412" classname="HFIC.Testcases.com.LampLogin"/>
  <testcase name="Uploaddocument13" time="69.141" classname="HFIC.Testcases.com.LampLogin"/>
  <testcase name="Lamp_Homepage1" time="8.715" classname="HFIC.Testcases.com.LampLogin"/>
  <testcase name="ReviewApplication_Details" time="2.374" classname="HFIC.Testcases.com.LampLogin"/>
  <testcase name="Lamp_Login" time="6.198" classname="HFIC.Testcases.com.LampLogin"/>
  <testcase name="Get_Quotepage1" time="10.234" classname="HFIC.Testcases.com.LampLogin"/>
  <testcase name="HealthInsurencePlans1" time="1.199" classname="HFIC.Testcases.com.LampLogin"/>
</testsuite> <!-- HFIC.Testcases.com.LampLogin -->
