<?xml version="1.0" encoding="UTF-8"?>
<!-- Generated by org.testng.reporters.JUnitReportReporter -->
<testsuite hostname="SVFL-XAAD-043" name="HFIC.Testcases.com.CR_UpdateHSA_Group_Member" tests="1" failures="0" timestamp="12 May 2021 13:23:54 GMT" time="47.790" errors="0">
  <testcase name="CR_HSA_Member_update" time="47.790" classname="HFIC.Testcases.com.CR_UpdateHSA_Group_Member"/>
</testsuite> <!-- HFIC.Testcases.com.CR_UpdateHSA_Group_Member -->
