<?xml version="1.0" encoding="UTF-8"?>
<!-- Generated by org.testng.reporters.JUnitReportReporter -->
<testsuite skipped="0" hostname="SVFL-XAADQAF-37" name="HFIC.Testcases.com.PEGA_Search" tests="1" failures="0" timestamp="11 Apr 2021 01:56:28 GMT" time="59.886" errors="0">
  <testcase name="Application_Search" time="59.886" classname="HFIC.Testcases.com.PEGA_Search"/>
</testsuite> <!-- HFIC.Testcases.com.PEGA_Search -->
