<?xml version="1.0" encoding="UTF-8"?>
<!-- Generated by org.testng.reporters.JUnitReportReporter -->
<testsuite hostname="SVFL-XAAD-037" name="HFIC.Testcases.com.LampLogin" tests="1" failures="0" timestamp="30 Jul 2021 21:23:06 GMT" time="463.776" errors="0">
  <testcase name="Lamp_SMG_Application_Submissionn" time="463.776" classname="HFIC.Testcases.com.LampLogin"/>
</testsuite> <!-- HFIC.Testcases.com.LampLogin -->
