<?xml version="1.0" encoding="UTF-8"?>
<!-- Generated by org.testng.reporters.JUnitReportReporter -->
<testsuite skipped="0" hostname="SVFL-XAADQAF-05" name="HFIC.Testcases.com.Enrollment_360_new" tests="2" failures="0" timestamp="10 Apr 2021 03:16:02 GMT" time="62.956" errors="0">
  <testcase name="HFIC_Group_Number_Search" time="30.540" classname="HFIC.Testcases.com.Enrollment_360_new"/>
  <testcase name="HP_Group_Search" time="32.416" classname="HFIC.Testcases.com.Enrollment_360_new"/>
</testsuite> <!-- HFIC.Testcases.com.Enrollment_360_new -->
