<?xml version="1.0" encoding="UTF-8"?>
<!-- Generated by org.testng.reporters.JUnitReportReporter -->
<testsuite skipped="0" hostname="SVFL-XAADQAF-38" name="HFIC.Testcases.com.CR_UpdateHSA_Group_Member" tests="2" failures="0" timestamp="12 Apr 2021 02:59:42 GMT" time="46.924" errors="0">
  <testcase name="CR_HSA_Member_update" time="22.268" classname="HFIC.Testcases.com.CR_UpdateHSA_Group_Member"/>
  <testcase name="CR_HSA_Group_update" time="24.656" classname="HFIC.Testcases.com.CR_UpdateHSA_Group_Member"/>
</testsuite> <!-- HFIC.Testcases.com.CR_UpdateHSA_Group_Member -->
