<?xml version="1.0" encoding="UTF-8"?>
<!-- Generated by org.testng.reporters.JUnitReportReporter -->
<testsuite hostname="SVFL-XAAD-043" name="HFIC.Testcases.com.LampLogin" tests="12" failures="0" timestamp="21 Apr 2021 00:47:59 GMT" time="145.776" errors="0">
  <testcase name="BrokerGeneral_AgentInformation1" time="0.795" classname="HFIC.Testcases.com.LampLogin"/>
  <testcase name="AddEmployee1" time="23.829" classname="HFIC.Testcases.com.LampLogin"/>
  <testcase name="Agreement1" time="18.211" classname="HFIC.Testcases.com.LampLogin"/>
  <testcase name="Group_Administration1" time="1.772" classname="HFIC.Testcases.com.LampLogin"/>
  <testcase name="GroupInformationPage1" time="6.624" classname="HFIC.Testcases.com.LampLogin"/>
  <testcase name="COBRA_Coverage1" time="0.375" classname="HFIC.Testcases.com.LampLogin"/>
  <testcase name="Uploaddocument13" time="68.533" classname="HFIC.Testcases.com.LampLogin"/>
  <testcase name="Lamp_Homepage1" time="6.246" classname="HFIC.Testcases.com.LampLogin"/>
  <testcase name="ReviewApplication_Details" time="2.341" classname="HFIC.Testcases.com.LampLogin"/>
  <testcase name="Lamp_Login" time="5.988" classname="HFIC.Testcases.com.LampLogin"/>
  <testcase name="Get_Quotepage1" time="10.125" classname="HFIC.Testcases.com.LampLogin"/>
  <testcase name="HealthInsurencePlans1" time="0.937" classname="HFIC.Testcases.com.LampLogin"/>
</testsuite> <!-- HFIC.Testcases.com.LampLogin -->
