<?xml version="1.0" encoding="UTF-8"?>
<!-- Generated by org.testng.reporters.JUnitReportReporter -->
<testsuite skipped="0" hostname="SVFL-XAADQAF-40" name="PEGA.Changerequest6" tests="1" failures="0" timestamp="04 Apr 2021 15:09:50 GMT" time="69.463" errors="0">
  <testcase name="uplod_Documents" time="69.463" classname="PEGA.Changerequest6"/>
</testsuite> <!-- PEGA.Changerequest6 -->
