<?xml version="1.0" encoding="UTF-8"?>
<!-- Generated by org.testng.reporters.JUnitReportReporter -->
<testsuite skipped="0" hostname="SVFL-XAADQAF-13" name="HFIC.Testcases.com.CR_UploadeDocuments" tests="8" failures="0" timestamp="06 Apr 2021 17:53:19 GMT" time="290.556" errors="1">
  <testcase name="CR_UploadeDocument" time="36.228" classname="HFIC.Testcases.com.CR_UploadeDocuments"/>
  <testcase name="CR_UploadeDocument4" time="36.675" classname="HFIC.Testcases.com.CR_UploadeDocuments"/>
  <testcase name="CR_UploadeDocument5" time="36.855" classname="HFIC.Testcases.com.CR_UploadeDocuments"/>
  <testcase name="CR_UploadeDocument3" time="36.851" classname="HFIC.Testcases.com.CR_UploadeDocuments"/>
  <testcase name="CR_UploadeDocument7" time="33.681" classname="HFIC.Testcases.com.CR_UploadeDocuments">
    <error type="org.openqa.selenium.ElementClickInterceptedException" message="element click intercepted: Element &lt;button data-ctl=&quot;&quot; data-click=&quot;[[&amp;quot;setMobileTransition&amp;quot;,[&amp;quot;pega.mobile.transitions.NONE&amp;quot;]],[&amp;quot;setUserStart&amp;quot;,[&amp;quot;FINISHASSIGNMENT&amp;quot;]],[&amp;quot;doFormSubmit&amp;quot;,[&amp;quot;pyActivity=FinishAssignment&amp;quot;,&amp;quot;:this&amp;quot;,&amp;quot;&amp;quot;,&amp;quot;:event&amp;quot;]]]&quot; name=&quot;DocumentUploadUI_pyWorkPage_48&quot; class=&quot;Cancel_Edit_Button pzhc pzbutton&quot; type=&quot;button&quot; title=&quot;&quot; disabled=&quot;&quot; tabindex=&quot;-1&quot;&gt;...&lt;/button&gt; is not clickable at point (688, 527). Other element would receive the click: &lt;div bsimplelayout=&quot;true&quot; data-template=&quot;&quot; class=&quot; content layout-content-inline_middle  content-inline_middle  custom_modalButton custom_textalignCenter&quot; data-methodname=&quot;&quot;&gt;...&lt;/div&gt;
  (Session info: chrome=89.0.4389.114)
Build info: version: &#039;3.141.59&#039;, revision: &#039;e82be7d358&#039;, time: &#039;2018-11-14T08:17:03&#039;
System info: host: &#039;SVFL-XAADQAF-13&#039;, ip: &#039;10.200.188.193&#039;, os.name: &#039;Windows Server 2016&#039;, os.arch: &#039;amd64&#039;, os.version: &#039;10.0&#039;, java.version: &#039;1.8.0_211&#039;
Driver info: org.openqa.selenium.chrome.ChromeDriver
Capabilities {acceptInsecureCerts: false, browserName: chrome, browserVersion: 89.0.4389.114, chrome: {chromedriverVersion: 89.0.4389.23 (61b08ee2c5002..., userDataDir: C:\Users\SMUTCH~1\AppData\L...}, goog:chromeOptions: {debuggerAddress: localhost:49638}, javascriptEnabled: true, networkConnectionEnabled: false, pageLoadStrategy: normal, platform: WINDOWS, platformName: WINDOWS, proxy: Proxy(), setWindowRect: true, strictFileInteractability: false, timeouts: {implicit: 0, pageLoad: 300000, script: 30000}, unhandledPromptBehavior: dismiss and notify, webauthn:extension:largeBlob: true, webauthn:virtualAuthenticators: true}
Session ID: 9ce5b32a35f3783a5f5dcd005b15c02e">
      <![CDATA[org.openqa.selenium.ElementClickInterceptedException: element click intercepted: Element <button data-ctl="" data-click="[[&quot;setMobileTransition&quot;,[&quot;pega.mobile.transitions.NONE&quot;]],[&quot;setUserStart&quot;,[&quot;FINISHASSIGNMENT&quot;]],[&quot;doFormSubmit&quot;,[&quot;pyActivity=FinishAssignment&quot;,&quot;:this&quot;,&quot;&quot;,&quot;:event&quot;]]]" name="DocumentUploadUI_pyWorkPage_48" class="Cancel_Edit_Button pzhc pzbutton" type="button" title="" disabled="" tabindex="-1">...</button> is not clickable at point (688, 527). Other element would receive the click: <div bsimplelayout="true" data-template="" class=" content layout-content-inline_middle  content-inline_middle  custom_modalButton custom_textalignCenter" data-methodname="">...</div>
  (Session info: chrome=89.0.4389.114)
Build info: version: '3.141.59', revision: 'e82be7d358', time: '2018-11-14T08:17:03'
System info: host: 'SVFL-XAADQAF-13', ip: '10.200.188.193', os.name: 'Windows Server 2016', os.arch: 'amd64', os.version: '10.0', java.version: '1.8.0_211'
Driver info: org.openqa.selenium.chrome.ChromeDriver
Capabilities {acceptInsecureCerts: false, browserName: chrome, browserVersion: 89.0.4389.114, chrome: {chromedriverVersion: 89.0.4389.23 (61b08ee2c5002..., userDataDir: C:\Users\SMUTCH~1\AppData\L...}, goog:chromeOptions: {debuggerAddress: localhost:49638}, javascriptEnabled: true, networkConnectionEnabled: false, pageLoadStrategy: normal, platform: WINDOWS, platformName: WINDOWS, proxy: Proxy(), setWindowRect: true, strictFileInteractability: false, timeouts: {implicit: 0, pageLoad: 300000, script: 30000}, unhandledPromptBehavior: dismiss and notify, webauthn:extension:largeBlob: true, webauthn:virtualAuthenticators: true}
Session ID: 9ce5b32a35f3783a5f5dcd005b15c02e
at sun.reflect.NativeConstructorAccessorImpl.newInstance0(Native Method)
at sun.reflect.NativeConstructorAccessorImpl.newInstance(Unknown Source)
at sun.reflect.DelegatingConstructorAccessorImpl.newInstance(Unknown Source)
at java.lang.reflect.Constructor.newInstance(Unknown Source)
at org.openqa.selenium.remote.http.W3CHttpResponseCodec.createException(W3CHttpResponseCodec.java:187)
at org.openqa.selenium.remote.http.W3CHttpResponseCodec.decode(W3CHttpResponseCodec.java:122)
at org.openqa.selenium.remote.http.W3CHttpResponseCodec.decode(W3CHttpResponseCodec.java:49)
at org.openqa.selenium.remote.HttpCommandExecutor.execute(HttpCommandExecutor.java:158)
at org.openqa.selenium.remote.service.DriverCommandExecutor.execute(DriverCommandExecutor.java:83)
at org.openqa.selenium.remote.RemoteWebDriver.execute(RemoteWebDriver.java:552)
at org.openqa.selenium.remote.RemoteWebElement.execute(RemoteWebElement.java:285)
at org.openqa.selenium.remote.RemoteWebElement.click(RemoteWebElement.java:84)
at sun.reflect.GeneratedMethodAccessor4.invoke(Unknown Source)
at sun.reflect.DelegatingMethodAccessorImpl.invoke(Unknown Source)
at java.lang.reflect.Method.invoke(Unknown Source)
at org.openqa.selenium.support.pagefactory.internal.LocatingElementHandler.invoke(LocatingElementHandler.java:51)
at com.sun.proxy.$Proxy13.click(Unknown Source)
at HFIC.Pages.com.ChangeRequest_Uplodedocuments.submit(ChangeRequest_Uplodedocuments.java:197)
at HFIC.Testcases.com.CR_UploadeDocuments.CR_UploadeDocument7(CR_UploadeDocuments.java:176)
at sun.reflect.NativeMethodAccessorImpl.invoke0(Native Method)
at sun.reflect.NativeMethodAccessorImpl.invoke(Unknown Source)
at sun.reflect.DelegatingMethodAccessorImpl.invoke(Unknown Source)
at java.lang.reflect.Method.invoke(Unknown Source)
at org.testng.internal.MethodInvocationHelper.invokeMethod(MethodInvocationHelper.java:124)
at org.testng.internal.Invoker.invokeMethod(Invoker.java:583)
at org.testng.internal.Invoker.invokeTestMethod(Invoker.java:719)
at org.testng.internal.Invoker.invokeTestMethods(Invoker.java:989)
at org.testng.internal.TestMethodWorker.invokeTestMethods(TestMethodWorker.java:125)
at org.testng.internal.TestMethodWorker.run(TestMethodWorker.java:109)
at org.testng.TestRunner.privateRun(TestRunner.java:648)
at org.testng.TestRunner.run(TestRunner.java:505)
at org.testng.SuiteRunner.runTest(SuiteRunner.java:455)
at org.testng.SuiteRunner.runSequentially(SuiteRunner.java:450)
at org.testng.SuiteRunner.privateRun(SuiteRunner.java:415)
at org.testng.SuiteRunner.run(SuiteRunner.java:364)
at org.testng.SuiteRunnerWorker.runSuite(SuiteRunnerWorker.java:52)
at org.testng.SuiteRunnerWorker.run(SuiteRunnerWorker.java:84)
at org.testng.TestNG.runSuitesSequentially(TestNG.java:1208)
at org.testng.TestNG.runSuitesLocally(TestNG.java:1137)
at org.testng.TestNG.runSuites(TestNG.java:1049)
at org.testng.TestNG.run(TestNG.java:1017)
at org.testng.remote.AbstractRemoteTestNG.run(AbstractRemoteTestNG.java:114)
at org.testng.remote.RemoteTestNG.initAndRun(RemoteTestNG.java:251)
at org.testng.remote.RemoteTestNG.main(RemoteTestNG.java:77)
]]>
    </error>
  </testcase> <!-- CR_UploadeDocument7 -->
  <testcase name="CR_UploadeDocument2" time="36.587" classname="HFIC.Testcases.com.CR_UploadeDocuments"/>
  <testcase name="CR_UploadeDocument1" time="37.243" classname="HFIC.Testcases.com.CR_UploadeDocuments"/>
  <testcase name="CR_UploadeDocument6" time="36.436" classname="HFIC.Testcases.com.CR_UploadeDocuments"/>
</testsuite> <!-- HFIC.Testcases.com.CR_UploadeDocuments -->
