<?xml version="1.0" encoding="UTF-8"?>
<!-- Generated by org.testng.reporters.JUnitReportReporter -->
<testsuite skipped="0" hostname="SVFL-XAADQAF-38" name="HFIC.Testcases.com.CR_UploadeDocuments" tests="2" failures="0" timestamp="12 Apr 2021 02:58:22 GMT" time="291.049" errors="0">
  <testcase name="CR_Audit_UploadeDocument" time="106.406" classname="HFIC.Testcases.com.CR_UploadeDocuments"/>
  <testcase name="CR_Other_UploadeDocument" time="184.643" classname="HFIC.Testcases.com.CR_UploadeDocuments"/>
</testsuite> <!-- HFIC.Testcases.com.CR_UploadeDocuments -->
