<?xml version="1.0" encoding="UTF-8"?>
<!-- Generated by org.testng.reporters.JUnitReportReporter -->
<testsuite skipped="0" hostname="SVFL-XAADQAF-17" name="HFIC.Testcases.com.CR_UploadeDocuments" tests="2" failures="0" timestamp="09 Apr 2021 16:21:17 GMT" time="344.385" errors="0">
  <testcase name="CR_Audit_UploadeDocument" time="125.483" classname="HFIC.Testcases.com.CR_UploadeDocuments"/>
  <testcase name="CR_Other_UploadeDocument" time="218.902" classname="HFIC.Testcases.com.CR_UploadeDocuments"/>
</testsuite> <!-- HFIC.Testcases.com.CR_UploadeDocuments -->
