<?xml version="1.0" encoding="UTF-8"?>
<!-- Generated by org.testng.reporters.JUnitReportReporter -->
<testsuite skipped="0" hostname="SVFL-XAADQAF-37" name="HFIC.Testcases.com.CR_UpdateHSA_Group_Member" tests="2" failures="0" timestamp="10 Apr 2021 18:47:41 GMT" time="46.442" errors="0">
  <testcase name="CR_HSA_Member_update" time="21.992" classname="HFIC.Testcases.com.CR_UpdateHSA_Group_Member"/>
  <testcase name="CR_HSA_Group_update" time="24.450" classname="HFIC.Testcases.com.CR_UpdateHSA_Group_Member"/>
</testsuite> <!-- HFIC.Testcases.com.CR_UpdateHSA_Group_Member -->
