<?xml version="1.0" encoding="UTF-8"?>
<!-- Generated by org.testng.reporters.JUnitReportReporter -->
<testsuite skipped="0" hostname="SVFL-XAADQAF-17" name="HFIC.Testcases.com.CR_UploadeDocuments" tests="2" failures="0" timestamp="09 Apr 2021 15:04:54 GMT" time="347.754" errors="0">
  <testcase name="CR_Audit_UploadeDocument" time="126.508" classname="HFIC.Testcases.com.CR_UploadeDocuments"/>
  <testcase name="CR_Other_UploadeDocument" time="221.246" classname="HFIC.Testcases.com.CR_UploadeDocuments"/>
</testsuite> <!-- HFIC.Testcases.com.CR_UploadeDocuments -->
