<?xml version="1.0" encoding="UTF-8"?>
<!-- Generated by org.testng.reporters.JUnitReportReporter -->
<testsuite skipped="0" hostname="SVFL-XAADQAF-39" name="HFIC.Testcases.com.PEGA_Search" tests="10" failures="0" timestamp="12 Apr 2021 17:23:38 GMT" time="410.932" errors="0">
  <testcase name="Application_Search" time="123.795" classname="HFIC.Testcases.com.PEGA_Search"/>
  <testcase name="Task_B_Search" time="48.937" classname="HFIC.Testcases.com.PEGA_Search"/>
  <testcase name="Task_M_Search" time="29.096" classname="HFIC.Testcases.com.PEGA_Search"/>
  <testcase name="Task_G_Search" time="19.294" classname="HFIC.Testcases.com.PEGA_Search"/>
  <testcase name="Task_Payment_Exception_Search" time="21.606" classname="HFIC.Testcases.com.PEGA_Search"/>
  <testcase name="Task_COBTask_Search" time="36.725" classname="HFIC.Testcases.com.PEGA_Search"/>
  <testcase name="Task_QLETrack_Search" time="36.566" classname="HFIC.Testcases.com.PEGA_Search"/>
  <testcase name="Task_Presumptive_Search" time="43.275" classname="HFIC.Testcases.com.PEGA_Search"/>
  <testcase name="Changerequest_Search" time="20.174" classname="HFIC.Testcases.com.PEGA_Search"/>
  <testcase name="HP_Reco_Search" time="31.464" classname="HFIC.Testcases.com.PEGA_Search"/>
</testsuite> <!-- HFIC.Testcases.com.PEGA_Search -->
