<?xml version="1.0" encoding="UTF-8"?>
<!-- Generated by org.testng.reporters.JUnitReportReporter -->
<testsuite skipped="0" hostname="SVFL-XAADQAF-08" name="HFIC.Testcases.com.LampLogin" tests="12" failures="0" timestamp="15 Apr 2021 21:41:18 GMT" time="204.530" errors="1">
  <testcase name="Lamp_Login" time="5.627" classname="HFIC.Testcases.com.LampLogin"/>
  <testcase name="Lamp_Homepage1" time="6.478" classname="HFIC.Testcases.com.LampLogin"/>
  <testcase name="Get_Quotepage1" time="10.186" classname="HFIC.Testcases.com.LampLogin"/>
  <testcase name="HealthInsurencePlans1" time="1.544" classname="HFIC.Testcases.com.LampLogin"/>
  <testcase name="GroupInformationPage1" time="8.023" classname="HFIC.Testcases.com.LampLogin"/>
  <testcase name="Group_Administration1" time="1.376" classname="HFIC.Testcases.com.LampLogin"/>
  <testcase name="COBRA_Coverage1" time="0.388" classname="HFIC.Testcases.com.LampLogin"/>
  <testcase name="BrokerGeneral_AgentInformation1" time="1.640" classname="HFIC.Testcases.com.LampLogin"/>
  <testcase name="AddEmployee1" time="69.003" classname="HFIC.Testcases.com.LampLogin"/>
  <testcase name="Uploaddocument13" time="61.480" classname="HFIC.Testcases.com.LampLogin"/>
  <testcase name="ReviewApplication_Details" time="2.384" classname="HFIC.Testcases.com.LampLogin"/>
  <testcase name="Agreement1" time="36.401" classname="HFIC.Testcases.com.LampLogin">
    <error type="org.openqa.selenium.ElementClickInterceptedException" message="element click intercepted: Element &lt;button token=&quot;xNLB5izycBkKwXHh0smPITB9mYiTbZLAyHrVbpKi&quot; route=&quot;/api/enrollment/applications/5681/payment&quot; class=&quot;hf-submit-payment-btn&quot;&gt;...&lt;/button&gt; is not clickable at point (978, 484). Other element would receive the click: &lt;div class=&quot;col-xs-12 col-sm-12 col-md-12 col-lg-12&quot;&gt;...&lt;/div&gt;
  (Session info: chrome=89.0.4389.128)
Build info: version: &#039;3.141.59&#039;, revision: &#039;e82be7d358&#039;, time: &#039;2018-11-14T08:17:03&#039;
System info: host: &#039;SVFL-XAADQAF-08&#039;, ip: &#039;10.200.188.248&#039;, os.name: &#039;Windows Server 2016&#039;, os.arch: &#039;amd64&#039;, os.version: &#039;10.0&#039;, java.version: &#039;1.8.0_211&#039;
Driver info: org.openqa.selenium.chrome.ChromeDriver
Capabilities {acceptInsecureCerts: false, browserName: chrome, browserVersion: 89.0.4389.128, chrome: {chromedriverVersion: 89.0.4389.23 (61b08ee2c5002..., userDataDir: C:\Users\SMUTCH~1\AppData\L...}, goog:chromeOptions: {debuggerAddress: localhost:53493}, javascriptEnabled: true, networkConnectionEnabled: false, pageLoadStrategy: normal, platform: WINDOWS, platformName: WINDOWS, proxy: Proxy(), setWindowRect: true, strictFileInteractability: false, timeouts: {implicit: 0, pageLoad: 300000, script: 30000}, unhandledPromptBehavior: dismiss and notify, webauthn:extension:largeBlob: true, webauthn:virtualAuthenticators: true}
Session ID: 2a114c5fc8f3a99e49e4e295860c578b">
      <![CDATA[org.openqa.selenium.ElementClickInterceptedException: element click intercepted: Element <button token="xNLB5izycBkKwXHh0smPITB9mYiTbZLAyHrVbpKi" route="/api/enrollment/applications/5681/payment" class="hf-submit-payment-btn">...</button> is not clickable at point (978, 484). Other element would receive the click: <div class="col-xs-12 col-sm-12 col-md-12 col-lg-12">...</div>
  (Session info: chrome=89.0.4389.128)
Build info: version: '3.141.59', revision: 'e82be7d358', time: '2018-11-14T08:17:03'
System info: host: 'SVFL-XAADQAF-08', ip: '10.200.188.248', os.name: 'Windows Server 2016', os.arch: 'amd64', os.version: '10.0', java.version: '1.8.0_211'
Driver info: org.openqa.selenium.chrome.ChromeDriver
Capabilities {acceptInsecureCerts: false, browserName: chrome, browserVersion: 89.0.4389.128, chrome: {chromedriverVersion: 89.0.4389.23 (61b08ee2c5002..., userDataDir: C:\Users\SMUTCH~1\AppData\L...}, goog:chromeOptions: {debuggerAddress: localhost:53493}, javascriptEnabled: true, networkConnectionEnabled: false, pageLoadStrategy: normal, platform: WINDOWS, platformName: WINDOWS, proxy: Proxy(), setWindowRect: true, strictFileInteractability: false, timeouts: {implicit: 0, pageLoad: 300000, script: 30000}, unhandledPromptBehavior: dismiss and notify, webauthn:extension:largeBlob: true, webauthn:virtualAuthenticators: true}
Session ID: 2a114c5fc8f3a99e49e4e295860c578b
at sun.reflect.NativeConstructorAccessorImpl.newInstance0(Native Method)
at sun.reflect.NativeConstructorAccessorImpl.newInstance(Unknown Source)
at sun.reflect.DelegatingConstructorAccessorImpl.newInstance(Unknown Source)
at java.lang.reflect.Constructor.newInstance(Unknown Source)
at org.openqa.selenium.remote.http.W3CHttpResponseCodec.createException(W3CHttpResponseCodec.java:187)
at org.openqa.selenium.remote.http.W3CHttpResponseCodec.decode(W3CHttpResponseCodec.java:122)
at org.openqa.selenium.remote.http.W3CHttpResponseCodec.decode(W3CHttpResponseCodec.java:49)
at org.openqa.selenium.remote.HttpCommandExecutor.execute(HttpCommandExecutor.java:158)
at org.openqa.selenium.remote.service.DriverCommandExecutor.execute(DriverCommandExecutor.java:83)
at org.openqa.selenium.remote.RemoteWebDriver.execute(RemoteWebDriver.java:552)
at org.openqa.selenium.remote.RemoteWebElement.execute(RemoteWebElement.java:285)
at org.openqa.selenium.remote.RemoteWebElement.click(RemoteWebElement.java:84)
at sun.reflect.NativeMethodAccessorImpl.invoke0(Native Method)
at sun.reflect.NativeMethodAccessorImpl.invoke(Unknown Source)
at sun.reflect.DelegatingMethodAccessorImpl.invoke(Unknown Source)
at java.lang.reflect.Method.invoke(Unknown Source)
at org.openqa.selenium.support.pagefactory.internal.LocatingElementHandler.invoke(LocatingElementHandler.java:51)
at com.sun.proxy.$Proxy14.click(Unknown Source)
at COM.HFIC.Pages.Agreement.Agreement1(Agreement.java:45)
at HFIC.Testcases.com.LampLogin.Agreement1(LampLogin.java:91)
at sun.reflect.NativeMethodAccessorImpl.invoke0(Native Method)
at sun.reflect.NativeMethodAccessorImpl.invoke(Unknown Source)
at sun.reflect.DelegatingMethodAccessorImpl.invoke(Unknown Source)
at java.lang.reflect.Method.invoke(Unknown Source)
at org.testng.internal.MethodInvocationHelper.invokeMethod(MethodInvocationHelper.java:124)
at org.testng.internal.Invoker.invokeMethod(Invoker.java:583)
at org.testng.internal.Invoker.invokeTestMethod(Invoker.java:719)
at org.testng.internal.Invoker.invokeTestMethods(Invoker.java:989)
at org.testng.internal.TestMethodWorker.invokeTestMethods(TestMethodWorker.java:125)
at org.testng.internal.TestMethodWorker.run(TestMethodWorker.java:109)
at org.testng.TestRunner.privateRun(TestRunner.java:648)
at org.testng.TestRunner.run(TestRunner.java:505)
at org.testng.SuiteRunner.runTest(SuiteRunner.java:455)
at org.testng.SuiteRunner.runSequentially(SuiteRunner.java:450)
at org.testng.SuiteRunner.privateRun(SuiteRunner.java:415)
at org.testng.SuiteRunner.run(SuiteRunner.java:364)
at org.testng.SuiteRunnerWorker.runSuite(SuiteRunnerWorker.java:52)
at org.testng.SuiteRunnerWorker.run(SuiteRunnerWorker.java:84)
at org.testng.TestNG.runSuitesSequentially(TestNG.java:1208)
at org.testng.TestNG.runSuitesLocally(TestNG.java:1137)
at org.testng.TestNG.runSuites(TestNG.java:1049)
at org.testng.TestNG.run(TestNG.java:1017)
at org.testng.remote.AbstractRemoteTestNG.run(AbstractRemoteTestNG.java:114)
at org.testng.remote.RemoteTestNG.initAndRun(RemoteTestNG.java:251)
at org.testng.remote.RemoteTestNG.main(RemoteTestNG.java:77)
]]>
    </error>
  </testcase> <!-- Agreement1 -->
</testsuite> <!-- HFIC.Testcases.com.LampLogin -->
