<?xml version="1.0" encoding="UTF-8"?>
<!-- Generated by org.testng.reporters.JUnitReportReporter -->
<testsuite hostname="SVFL-XAAD-038" name="HFIC.Testcases.com.tets" tests="1" failures="0" timestamp="21 Apr 2021 21:25:53 GMT" time="10.845" errors="0">
  <testcase name="test12" time="10.845" classname="HFIC.Testcases.com.tets"/>
</testsuite> <!-- HFIC.Testcases.com.tets -->
