<?xml version="1.0" encoding="UTF-8"?>
<!-- Generated by org.testng.reporters.JUnitReportReporter -->
<testsuite hostname="SVFL-XAAD-047" name="HFIC.Testcases.com.WriteExcel" tests="1" failures="0" timestamp="23 Apr 2021 15:08:41 GMT" time="3.272" errors="0">
  <testcase name="Read_Excel" time="3.272" classname="HFIC.Testcases.com.WriteExcel"/>
</testsuite> <!-- HFIC.Testcases.com.WriteExcel -->
