<?xml version="1.0" encoding="UTF-8"?>
<!-- Generated by org.testng.reporters.JUnitReportReporter -->
<testsuite hostname="SVFL-XAAD-047" name="HFIC.Testcases.com.tets" tests="1" failures="0" timestamp="23 Apr 2021 14:34:41 GMT" time="1.928" errors="0">
  <testcase name="ReadExcel" time="1.928" classname="HFIC.Testcases.com.tets"/>
</testsuite> <!-- HFIC.Testcases.com.tets -->
