<?xml version="1.0" encoding="UTF-8"?>
<!-- Generated by org.testng.reporters.JUnitReportReporter -->
<testsuite skipped="0" hostname="SVFL-XAADQAF-38" name="HFIC.Testcases.com.PEGA_Search" tests="5" failures="0" timestamp="12 Apr 2021 01:45:23 GMT" time="271.470" errors="0">
  <testcase name="Task_M_Search" time="29.109" classname="HFIC.Testcases.com.PEGA_Search"/>
  <testcase name="Task_G_Search" time="19.206" classname="HFIC.Testcases.com.PEGA_Search"/>
  <testcase name="Task_Payment_Exception_Search" time="22.053" classname="HFIC.Testcases.com.PEGA_Search"/>
  <testcase name="Task_B_Search" time="47.856" classname="HFIC.Testcases.com.PEGA_Search"/>
  <testcase name="Application_Search" time="153.246" classname="HFIC.Testcases.com.PEGA_Search"/>
</testsuite> <!-- HFIC.Testcases.com.PEGA_Search -->
