<?xml version="1.0" encoding="UTF-8"?>
<!-- Generated by org.testng.reporters.JUnitReportReporter -->
<testsuite hostname="SVFL-XAAD-047" name="HFIC.Testcases.com.LampLogin" tests="6" failures="0" timestamp="23 Apr 2021 18:35:53 GMT" time="681.651" errors="0">
  <testcase name="Lamp_SMG_Application_Submissionn" time="114.132" classname="HFIC.Testcases.com.LampLogin"/>
  <testcase name="Lamp_SMG_Application_Submissionn" time="112.194" classname="HFIC.Testcases.com.LampLogin"/>
  <testcase name="Lamp_SMG_Application_Submissionn" time="114.308" classname="HFIC.Testcases.com.LampLogin"/>
  <testcase name="Lamp_SMG_Application_Submissionn" time="112.738" classname="HFIC.Testcases.com.LampLogin"/>
  <testcase name="Lamp_SMG_Application_Submissionn" time="115.331" classname="HFIC.Testcases.com.LampLogin"/>
  <testcase name="Lamp_SMG_Application_Submissionn" time="112.948" classname="HFIC.Testcases.com.LampLogin"/>
</testsuite> <!-- HFIC.Testcases.com.LampLogin -->
