<?xml version="1.0" encoding="UTF-8"?>
<!-- Generated by org.testng.reporters.JUnitReportReporter -->
<testsuite skipped="0" hostname="SVFL-XAADQAF-37" name="HFIC.Testcases.com.CR_HSAnew" tests="2" failures="0" timestamp="10 Apr 2021 18:46:05 GMT" time="47.006" errors="0">
  <testcase name="CR_HSA_Member_update" time="22.352" classname="HFIC.Testcases.com.CR_HSAnew"/>
  <testcase name="CR_HSA_Group_update" time="24.654" classname="HFIC.Testcases.com.CR_HSAnew"/>
</testsuite> <!-- HFIC.Testcases.com.CR_HSAnew -->
