<?xml version="1.0" encoding="UTF-8"?>
<!-- Generated by org.testng.reporters.JUnitReportReporter -->
<testsuite skipped="0" hostname="SVFL-XAADQAF-13" name="HFIC.Testcases.com.CR_HSA" tests="2" failures="0" timestamp="07 Apr 2021 13:44:47 GMT" time="86.877" errors="0">
  <testcase name="CR_Member_update" time="29.255" classname="HFIC.Testcases.com.CR_HSA"/>
  <testcase name="CR_HSA_Groupupdate" time="57.622" classname="HFIC.Testcases.com.CR_HSA"/>
</testsuite> <!-- HFIC.Testcases.com.CR_HSA -->
