<?xml version="1.0" encoding="UTF-8"?>
<!-- Generated by org.testng.reporters.JUnitReportReporter -->
<testsuite skipped="0" hostname="SVFL-XAADQAF-38" name="HFIC.Testcases.com.PEGA_Search" tests="6" failures="0" timestamp="12 Apr 2021 02:47:26 GMT" time="276.642" errors="0">
  <testcase name="Task_Payment_Exception_Search" time="21.935" classname="HFIC.Testcases.com.PEGA_Search"/>
  <testcase name="Task_M_Search" time="29.454" classname="HFIC.Testcases.com.PEGA_Search"/>
  <testcase name="Task_COBTask_Search" time="37.772" classname="HFIC.Testcases.com.PEGA_Search"/>
  <testcase name="Task_G_Search" time="19.167" classname="HFIC.Testcases.com.PEGA_Search"/>
  <testcase name="Task_B_Search" time="48.624" classname="HFIC.Testcases.com.PEGA_Search"/>
  <testcase name="Application_Search" time="119.690" classname="HFIC.Testcases.com.PEGA_Search"/>
</testsuite> <!-- HFIC.Testcases.com.PEGA_Search -->
