<?xml version="1.0" encoding="UTF-8"?>
<!-- Generated by org.testng.reporters.JUnitReportReporter -->
<testsuite hostname="SVFL-XAAD-043" name="HFIC.Testcases.com.CR_UpdateHSA_Group_Member" tests="1" failures="0" timestamp="12 May 2021 18:38:56 GMT" time="44.843" errors="0">
  <testcase name="CR_HSA_Member_update" time="44.843" classname="HFIC.Testcases.com.CR_UpdateHSA_Group_Member"/>
</testsuite> <!-- HFIC.Testcases.com.CR_UpdateHSA_Group_Member -->
