<?xml version="1.0" encoding="UTF-8"?>
<!-- Generated by org.testng.reporters.JUnitReportReporter -->
<testsuite hostname="SVFL-XAAD-038" name="HFIC.Testcases.com.LampLogin" tests="12" failures="0" timestamp="21 Apr 2021 15:47:08 GMT" time="152.545" errors="0">
  <testcase name="BrokerGeneral_AgentInformation1" time="1.150" classname="HFIC.Testcases.com.LampLogin"/>
  <testcase name="Group_Administration1" time="1.642" classname="HFIC.Testcases.com.LampLogin"/>
  <testcase name="Agreement1" time="18.984" classname="HFIC.Testcases.com.LampLogin"/>
  <testcase name="GroupInformationPage1" time="7.688" classname="HFIC.Testcases.com.LampLogin"/>
  <testcase name="COBRA_Coverage1" time="1.186" classname="HFIC.Testcases.com.LampLogin"/>
  <testcase name="ReviewApplication_Details" time="2.509" classname="HFIC.Testcases.com.LampLogin"/>
  <testcase name="Lamp_Homepage1" time="7.900" classname="HFIC.Testcases.com.LampLogin"/>
  <testcase name="Lamp_Login" time="6.600" classname="HFIC.Testcases.com.LampLogin"/>
  <testcase name="Get_Quotepage1" time="10.366" classname="HFIC.Testcases.com.LampLogin"/>
  <testcase name="Uploaddocument13" time="68.457" classname="HFIC.Testcases.com.LampLogin"/>
  <testcase name="AddEmployee1" time="24.722" classname="HFIC.Testcases.com.LampLogin"/>
  <testcase name="HealthInsurencePlans1" time="1.341" classname="HFIC.Testcases.com.LampLogin"/>
</testsuite> <!-- HFIC.Testcases.com.LampLogin -->
